{"name":"container","hostname":"dev","pid":7147,"level":30,"msg":"creating container","time":"2016-01-28T23:27:10.347Z","v":0}
{"name":"container","hostname":"dev","pid":7147,"containerId":"e38b3264f409975d66b4dea0d2bc4a01c6ec5d7245598a5c73a885edd7b1a135","level":30,"msg":"container created, starting container e38b3264f409975d66b4dea0d2bc4a01c6ec5d7245598a5c73a885edd7b1a135","time":"2016-01-28T23:27:10.558Z","v":0}
{"name":"container","hostname":"dev","pid":7147,"containerId":"e38b3264f409975d66b4dea0d2bc4a01c6ec5d7245598a5c73a885edd7b1a135","level":30,"msg":"exec running","time":"2016-01-28T23:27:11.081Z","v":0}
{"name":"probo","hostname":"dev","pid":7147,"level":30,"msg":"Command output: $ mkdir -p /src","time":"2016-01-28T23:27:11.277Z","src":{"file":"/opt/probo/testing.js","line":146},"v":0}
{"name":"probo","hostname":"dev","pid":7147,"level":30,"msg":"Command output: $ cd /src","time":"2016-01-28T23:27:11.282Z","src":{"file":"/opt/probo/testing.js","line":146},"v":0}
{"name":"probo","hostname":"dev","pid":7147,"level":30,"msg":"Command output: <*****> is a bad word but butt isn't so bad…","time":"2016-01-28T23:27:13.399Z","src":{"file":"/opt/probo/testing.js","line":146},"v":0}
{"name":"probo","hostname":"dev","pid":7147,"level":30,"msg":"Command output: $ echo '<*****> is a bad word but butt isn'\\''t so bad…'","time":"2016-01-28T23:27:13.414Z","src":{"file":"/opt/probo/testing.js","line":146},"v":0}
{"name":"probo","hostname":"dev","pid":7147,"level":30,"msg":"Command output: $ sleep 2","time":"2016-01-28T23:27:13.415Z","src":{"file":"/opt/probo/testing.js","line":146},"v":0}
{"name":"probo","hostname":"dev","pid":7147,"level":30,"msg":"Command output: $ echo '<*****> is a bad word but butt isn'\\''t so bad…'","time":"2016-01-28T23:27:15.405Z","src":{"file":"/opt/probo/testing.js","line":146},"v":0}
{"name":"probo","hostname":"dev","pid":7147,"level":30,"msg":"Command output: $ sleep 2","time":"2016-01-28T23:27:15.409Z","src":{"file":"/opt/probo/testing.js","line":146},"v":0}
{"name":"probo","hostname":"dev","pid":7147,"level":30,"msg":"Command output: <*****> is a bad word but butt isn't so bad…","time":"2016-01-28T23:27:15.421Z","src":{"file":"/opt/probo/testing.js","line":146},"v":0}
{"name":"probo","hostname":"dev","pid":7147,"level":30,"msg":"Command output: <*****> is a bad word but butt isn't so bad…","time":"2016-01-28T23:27:17.553Z","src":{"file":"/opt/probo/testing.js","line":146},"v":0}
{"name":"probo","hostname":"dev","pid":7147,"level":30,"msg":"Command output: $ echo '<*****> is a bad word but butt isn'\\''t so bad…'","time":"2016-01-28T23:27:17.557Z","src":{"file":"/opt/probo/testing.js","line":146},"v":0}
{"name":"probo","hostname":"dev","pid":7147,"level":30,"msg":"Command output: $ sleep 2","time":"2016-01-28T23:27:17.558Z","src":{"file":"/opt/probo/testing.js","line":146},"v":0}
{"name":"probo","hostname":"dev","pid":7147,"level":30,"msg":"Command output: $ echo '<*****> is a bad word but butt isn'\\''t so bad…'","time":"2016-01-28T23:27:19.684Z","src":{"file":"/opt/probo/testing.js","line":146},"v":0}
{"name":"probo","hostname":"dev","pid":7147,"level":30,"msg":"Command output: $ sleep 2","time":"2016-01-28T23:27:19.689Z","src":{"file":"/opt/probo/testing.js","line":146},"v":0}
{"name":"probo","hostname":"dev","pid":7147,"level":30,"msg":"Command output: <*****> is a bad word but butt isn't so bad…","time":"2016-01-28T23:27:19.714Z","src":{"file":"/opt/probo/testing.js","line":146},"v":0}
{"name":"probo","hostname":"dev","pid":7147,"level":30,"msg":"Command output: $ echo '<*****> is a bad word but butt isn'\\''t so bad…'","time":"2016-01-28T23:27:21.882Z","src":{"file":"/opt/probo/testing.js","line":146},"v":0}
{"name":"probo","hostname":"dev","pid":7147,"level":30,"msg":"Command output: $ sleep 2","time":"2016-01-28T23:27:21.888Z","src":{"file":"/opt/probo/testing.js","line":146},"v":0}
{"name":"container","hostname":"dev","pid":7147,"containerId":"e38b3264f409975d66b4dea0d2bc4a01c6ec5d7245598a5c73a885edd7b1a135","level":30,"msg":"exec fc7580ba1601 on container e38b3264f409 completed with 0","time":"2016-01-28T23:27:26.305Z","v":0}
{"name":"container","hostname":"dev","pid":7147,"component":"undefined [undefined]","level":30,"msg":"exec completed with 0","time":"2016-01-28T23:27:26.317Z","v":0}
{"name":"container","hostname":"dev","pid":7147,"containerId":"e38b3264f409975d66b4dea0d2bc4a01c6ec5d7245598a5c73a885edd7b1a135","level":30,"msg":"exec running","time":"2016-01-28T23:27:26.516Z","v":0}
{"name":"container","hostname":"dev","pid":7147,"containerId":"e38b3264f409975d66b4dea0d2bc4a01c6ec5d7245598a5c73a885edd7b1a135","level":30,"msg":"exec 73f4a67fbad0 on container e38b3264f409 completed with 0","time":"2016-01-28T23:27:44.566Z","v":0}
{"name":"container","hostname":"dev","pid":7147,"component":"undefined [undefined]","level":30,"msg":"exec completed with 0","time":"2016-01-28T23:27:44.578Z","v":0}
{"name":"container","hostname":"dev","pid":7147,"containerId":"e38b3264f409975d66b4dea0d2bc4a01c6ec5d7245598a5c73a885edd7b1a135","level":30,"msg":"exec running","time":"2016-01-28T23:27:44.610Z","v":0}
{"name":"container","hostname":"dev","pid":7147,"containerId":"e38b3264f409975d66b4dea0d2bc4a01c6ec5d7245598a5c73a885edd7b1a135","level":30,"msg":"exec 3ca03b3f5fb9 on container e38b3264f409 completed with 0","time":"2016-01-28T23:28:00.532Z","v":0}
{"name":"container","hostname":"dev","pid":7147,"component":"undefined [undefined]","level":30,"msg":"exec completed with 0","time":"2016-01-28T23:28:00.537Z","v":0}
{"name":"container","hostname":"dev","pid":7147,"containerId":"e38b3264f409975d66b4dea0d2bc4a01c6ec5d7245598a5c73a885edd7b1a135","level":30,"msg":"exec running","time":"2016-01-28T23:28:00.584Z","v":0}
{"name":"container","hostname":"dev","pid":7147,"containerId":"e38b3264f409975d66b4dea0d2bc4a01c6ec5d7245598a5c73a885edd7b1a135","level":30,"msg":"exec 01b7b0f01845 on container e38b3264f409 completed with 0","time":"2016-01-28T23:28:18.733Z","v":0}
{"name":"container","hostname":"dev","pid":7147,"component":"undefined [undefined]","level":30,"msg":"exec completed with 0","time":"2016-01-28T23:28:18.737Z","v":0}
{"name":"probo","hostname":"dev","pid":7147,"level":30,"containerId":"e38b3264f409975d66b4dea0d2bc4a01c6ec5d7245598a5c73a885edd7b1a135","msg":"run complete, container cleaned up: e38b3264f409975d66b4dea0d2bc4a01c6ec5d7245598a5c73a885edd7b1a135","time":"2016-01-28T23:28:19.257Z","src":{"file":"/opt/probo/testing.js","line":135},"v":0}
